<?xml version="1.0" encoding="UTF-8"?>
<testng-results ignored="0" total="1" passed="1" failed="0" skipped="0">
  <reporter-output>
  </reporter-output>
  <suite started-at="2020-06-11T06:31:57 EDT" name="Default suite" finished-at="2020-06-11T06:32:03 EDT" duration-ms="6335">
    <groups>
      <group name="cucumber">
        <method signature="AbstractTestNGCucumberTests.runScenario(io.cucumber.testng.PickleWrapper, io.cucumber.testng.FeatureWrapper)[pri:0, instance:runnerPackage.TestRunner@f8c1ddd]" name="runScenario" class="io.cucumber.testng.AbstractTestNGCucumberTests"/>
      </group> <!-- cucumber -->
    </groups>
    <test started-at="2020-06-11T06:31:57 EDT" name="Default test" finished-at="2020-06-11T06:32:03 EDT" duration-ms="6335">
      <class name="runnerPackage.TestRunner">
        <test-method is-config="true" signature="setUp()[pri:0, instance:runnerPackage.TestRunner@f8c1ddd]" started-at="2020-06-11T06:31:57 EDT" name="setUp" finished-at="2020-06-11T06:31:59 EDT" duration-ms="2336" status="PASS">
          <reporter-output>
          </reporter-output>
        </test-method> <!-- setUp -->
        <test-method is-config="true" signature="setUpClass()[pri:0, instance:runnerPackage.TestRunner@f8c1ddd]" started-at="2020-06-11T06:31:59 EDT" name="setUpClass" finished-at="2020-06-11T06:31:59 EDT" duration-ms="299" status="PASS">
          <reporter-output>
          </reporter-output>
        </test-method> <!-- setUpClass -->
        <test-method signature="runScenario(io.cucumber.testng.PickleWrapper, io.cucumber.testng.FeatureWrapper)[pri:0, instance:runnerPackage.TestRunner@f8c1ddd]" started-at="2020-06-11T06:31:59 EDT" name="runScenario" description="Runs Cucumber Scenarios" data-provider="scenarios" finished-at="2020-06-11T06:32:03 EDT" duration-ms="3634" status="PASS">
          <params>
            <param index="0">
              <value>
                <![CDATA["User searches a item on google and check if the title matches the keyword"]]>
              </value>
            </param>
            <param index="1">
              <value>
                <![CDATA["Optional[This is just a test feature for cucumber]"]]>
              </value>
            </param>
          </params>
          <reporter-output>
          </reporter-output>
        </test-method> <!-- runScenario -->
        <test-method is-config="true" signature="tearDownClass()[pri:0, instance:runnerPackage.TestRunner@f8c1ddd]" started-at="2020-06-11T06:32:03 EDT" name="tearDownClass" finished-at="2020-06-11T06:32:03 EDT" duration-ms="8" status="PASS">
          <reporter-output>
          </reporter-output>
        </test-method> <!-- tearDownClass -->
      </class> <!-- runnerPackage.TestRunner -->
    </test> <!-- Default test -->
  </suite> <!-- Default suite -->
</testng-results>
