<?xml version="1.0" encoding="UTF-8"?>
<testng-results ignored="0" total="4" passed="4" failed="0" skipped="0">
  <reporter-output>
  </reporter-output>
  <suite started-at="2020-06-11T14:03:12 EDT" name="Suite" finished-at="2020-06-11T14:03:26 EDT" duration-ms="13316">
    <groups>
      <group name="cucumber">
        <method signature="AbstractTestNGCucumberTests.runScenario(io.cucumber.testng.PickleWrapper, io.cucumber.testng.FeatureWrapper)[pri:0, instance:runnerPackage.TestRunner@4c15e7fd]" name="runScenario" class="io.cucumber.testng.AbstractTestNGCucumberTests"/>
      </group> <!-- cucumber -->
    </groups>
    <test started-at="2020-06-11T14:03:12 EDT" name="Testng" finished-at="2020-06-11T14:03:26 EDT" duration-ms="13316">
      <class name="runnerPackage.TestRunner">
        <test-method is-config="true" signature="setUp()[pri:0, instance:runnerPackage.TestRunner@4c15e7fd]" started-at="2020-06-11T14:03:12 EDT" name="setUp" finished-at="2020-06-11T14:03:15 EDT" duration-ms="2149" status="PASS">
          <reporter-output>
          </reporter-output>
        </test-method> <!-- setUp -->
        <test-method is-config="true" signature="setUpClass()[pri:0, instance:runnerPackage.TestRunner@4c15e7fd]" started-at="2020-06-11T14:03:15 EDT" name="setUpClass" finished-at="2020-06-11T14:03:15 EDT" duration-ms="288" status="PASS">
          <reporter-output>
          </reporter-output>
        </test-method> <!-- setUpClass -->
        <test-method signature="runScenario(io.cucumber.testng.PickleWrapper, io.cucumber.testng.FeatureWrapper)[pri:0, instance:runnerPackage.TestRunner@4c15e7fd]" started-at="2020-06-11T14:03:15 EDT" name="runScenario" description="Runs Cucumber Scenarios" data-provider="scenarios" finished-at="2020-06-11T14:03:19 EDT" duration-ms="3853" status="PASS">
          <params>
            <param index="0">
              <value>
                <![CDATA["User searches a item on google and check if the title matches the keyword"]]>
              </value>
            </param>
            <param index="1">
              <value>
                <![CDATA["Optional[This is just a test feature for cucumber]"]]>
              </value>
            </param>
          </params>
          <reporter-output>
          </reporter-output>
        </test-method> <!-- runScenario -->
        <test-method signature="runScenario(io.cucumber.testng.PickleWrapper, io.cucumber.testng.FeatureWrapper)[pri:0, instance:runnerPackage.TestRunner@4c15e7fd]" started-at="2020-06-11T14:03:19 EDT" name="runScenario" description="Runs Cucumber Scenarios" data-provider="scenarios" finished-at="2020-06-11T14:03:21 EDT" duration-ms="2441" status="PASS">
          <params>
            <param index="0">
              <value>
                <![CDATA["User searches a item on google and check if the title matches the keyword"]]>
              </value>
            </param>
            <param index="1">
              <value>
                <![CDATA["Optional[This is just a test feature for cucumber]"]]>
              </value>
            </param>
          </params>
          <reporter-output>
          </reporter-output>
        </test-method> <!-- runScenario -->
        <test-method signature="runScenario(io.cucumber.testng.PickleWrapper, io.cucumber.testng.FeatureWrapper)[pri:0, instance:runnerPackage.TestRunner@4c15e7fd]" started-at="2020-06-11T14:03:21 EDT" name="runScenario" description="Runs Cucumber Scenarios" data-provider="scenarios" finished-at="2020-06-11T14:03:23 EDT" duration-ms="2035" status="PASS">
          <params>
            <param index="0">
              <value>
                <![CDATA["User searches a item on google and check if the title matches the keyword"]]>
              </value>
            </param>
            <param index="1">
              <value>
                <![CDATA["Optional[This is just a test feature for cucumber]"]]>
              </value>
            </param>
          </params>
          <reporter-output>
          </reporter-output>
        </test-method> <!-- runScenario -->
        <test-method signature="runScenario(io.cucumber.testng.PickleWrapper, io.cucumber.testng.FeatureWrapper)[pri:0, instance:runnerPackage.TestRunner@4c15e7fd]" started-at="2020-06-11T14:03:23 EDT" name="runScenario" description="Runs Cucumber Scenarios" data-provider="scenarios" finished-at="2020-06-11T14:03:25 EDT" duration-ms="2259" status="PASS">
          <params>
            <param index="0">
              <value>
                <![CDATA["User searches a item on google and check if the title matches the keyword"]]>
              </value>
            </param>
            <param index="1">
              <value>
                <![CDATA["Optional[This is just a test feature for cucumber]"]]>
              </value>
            </param>
          </params>
          <reporter-output>
          </reporter-output>
        </test-method> <!-- runScenario -->
        <test-method is-config="true" signature="tearDownClass()[pri:0, instance:runnerPackage.TestRunner@4c15e7fd]" started-at="2020-06-11T14:03:25 EDT" name="tearDownClass" finished-at="2020-06-11T14:03:26 EDT" duration-ms="10" status="PASS">
          <reporter-output>
          </reporter-output>
        </test-method> <!-- tearDownClass -->
        <test-method is-config="true" signature="tearDown()[pri:0, instance:runnerPackage.TestRunner@4c15e7fd]" started-at="2020-06-11T14:03:26 EDT" name="tearDown" finished-at="2020-06-11T14:03:26 EDT" duration-ms="230" status="PASS">
          <reporter-output>
          </reporter-output>
        </test-method> <!-- tearDown -->
      </class> <!-- runnerPackage.TestRunner -->
    </test> <!-- Testng -->
  </suite> <!-- Suite -->
</testng-results>
